<?xml version="1.0" encoding="UTF-8"?>
<!-- Generated by org.testng.reporters.JUnitReportReporter -->
<testsuite hostname="ABHIJIT" failures="0" tests="1" name="BaseAPI" time="2.388" errors="0" timestamp="2025-04-07T20:41:37 IST" skipped="0">
  <testcase classname="BaseAPI" name="createUser" time="2.388"/>
</testsuite> <!-- BaseAPI -->
