<?xml version="1.0" encoding="UTF-8"?>
<!-- Generated by org.testng.reporters.JUnitReportReporter -->
<testsuite hostname="ABHIJIT" failures="0" tests="1" name="TestCase.LoginTest" time="2.002" errors="0" timestamp="2025-04-07T20:14:27 IST" skipped="0">
  <testcase classname="TestCase.LoginTest" name="loginTest" time="2.002"/>
</testsuite> <!-- TestCase.LoginTest -->
